<?xml version="1.0" encoding="UTF-8"?>
<testng-results skipped="0" failed="0" ignored="0" total="1" passed="1">
  <reporter-output>
  </reporter-output>
  <suite name="Default suite" duration-ms="22706" started-at="2019-10-25T10:10:56 PDT" finished-at="2019-10-25T10:11:19 PDT">
    <groups>
    </groups>
    <test name="Default test" duration-ms="22706" started-at="2019-10-25T10:10:56 PDT" finished-at="2019-10-25T10:11:19 PDT">
      <class name="com.Testscenrios.Toyoto_carsTest">
        <test-method status="PASS" signature="f()[pri:0, instance:com.Testscenrios.Toyoto_carsTest@32709393]" name="f" duration-ms="22639" started-at="2019-10-25T10:10:56 PDT" finished-at="2019-10-25T10:11:19 PDT">
          <reporter-output>
          </reporter-output>
        </test-method> <!-- f -->
      </class> <!-- com.Testscenrios.Toyoto_carsTest -->
    </test> <!-- Default test -->
  </suite> <!-- Default suite -->
</testng-results>
